<?xml version="1.0" encoding="UTF-8"?>
<!-- Generated by org.testng.reporters.JUnitReportReporter -->
<testsuite hostname="alan-K55A" name="es.unileon.sonarqube.sedcat.start.SedcatMetricsTests" tests="1" failures="0" timestamp="26 Apr 2016 16:29:35 GMT" time="0.002" errors="0">
  <testcase name="testGetMetrics" time="0.002" classname="es.unileon.sonarqube.sedcat.start.SedcatMetricsTests"/>
</testsuite> <!-- es.unileon.sonarqube.sedcat.start.SedcatMetricsTests -->
