<?xml version="1.0" encoding="UTF-8"?>
<!-- Generated by org.testng.reporters.JUnitReportReporter -->
<testsuite hostname="alan-K55A" name="es.unileon.sonarqube.sedcat.start.SedcatPluginTests" tests="1" failures="0" timestamp="26 Apr 2016 16:29:35 GMT" time="0.005" errors="0">
  <testcase name="testGetExtensions" time="0.005" classname="es.unileon.sonarqube.sedcat.start.SedcatPluginTests"/>
</testsuite> <!-- es.unileon.sonarqube.sedcat.start.SedcatPluginTests -->
