<?xml version="1.0" encoding="UTF-8"?>
<!-- Generated by org.testng.reporters.JUnitReportReporter -->
<testsuite hostname="alan-K55A" name="es.unileon.sonarqube.sedcat.storage.QualityMeasureStoreTests" tests="7" failures="0" timestamp="26 Apr 2016 16:29:35 GMT" time="0.474" errors="0">
  <testcase name="testCheckOutputDataSetEmpty" time="0.007" classname="es.unileon.sonarqube.sedcat.storage.QualityMeasureStoreTests"/>
  <testcase name="testCheckOutputDataSetNotAllowedAbove" time="0.023" classname="es.unileon.sonarqube.sedcat.storage.QualityMeasureStoreTests"/>
  <testcase name="testCheckOutputDataSetNull" time="0.007" classname="es.unileon.sonarqube.sedcat.storage.QualityMeasureStoreTests"/>
  <testcase name="testOutputMeasureStore" time="0.078" classname="es.unileon.sonarqube.sedcat.storage.QualityMeasureStoreTests"/>
  <testcase name="testCheckOutputDataSetNotAllowedUnder" time="0.008" classname="es.unileon.sonarqube.sedcat.storage.QualityMeasureStoreTests"/>
  <testcase name="testSaveMeasure" time="0.340" classname="es.unileon.sonarqube.sedcat.storage.QualityMeasureStoreTests"/>
  <testcase name="testCheckOutputDataSetOk" time="0.011" classname="es.unileon.sonarqube.sedcat.storage.QualityMeasureStoreTests"/>
</testsuite> <!-- es.unileon.sonarqube.sedcat.storage.QualityMeasureStoreTests -->
