<?xml version="1.0" encoding="UTF-8"?>
<!-- Generated by org.testng.reporters.JUnitReportReporter -->
<testsuite hostname="alan-K55A" name="es.unileon.sonarqube.sedcat.xfuzzy.QualityTests" tests="3" failures="0" timestamp="26 Apr 2016 16:29:35 GMT" time="34.148" errors="0">
  <testcase name="testCrispInferenceDoubleArrayOnLimits_Under" time="0.016" classname="es.unileon.sonarqube.sedcat.xfuzzy.QualityTests"/>
  <testcase name="testCrispInferenceDoubleArray" time="34.107" classname="es.unileon.sonarqube.sedcat.xfuzzy.QualityTests"/>
  <testcase name="testCrispInferenceDoubleArrayOnLimits_Above" time="0.025" classname="es.unileon.sonarqube.sedcat.xfuzzy.QualityTests"/>
</testsuite> <!-- es.unileon.sonarqube.sedcat.xfuzzy.QualityTests -->
