<?xml version="1.0" encoding="UTF-8"?>
<!-- Generated by org.testng.reporters.JUnitReportReporter -->
<testsuite hostname="alan-K55A" name="es.unileon.sonarqube.sedcat.storage.ActionsMeasureStoreTests" tests="9" failures="0" timestamp="26 Apr 2016 16:29:35 GMT" time="0.338" errors="0">
  <testcase name="testloadPropertiesOk" time="0.007" classname="es.unileon.sonarqube.sedcat.storage.ActionsMeasureStoreTests"/>
  <testcase name="testCheckOutputDataSetNull" time="0.007" classname="es.unileon.sonarqube.sedcat.storage.ActionsMeasureStoreTests"/>
  <testcase name="testloadPropertiesNull" time="0.010" classname="es.unileon.sonarqube.sedcat.storage.ActionsMeasureStoreTests"/>
  <testcase name="testCheckOutputDataSetNotAllowedUnder" time="0.007" classname="es.unileon.sonarqube.sedcat.storage.ActionsMeasureStoreTests"/>
  <testcase name="testCheckOutputDataSetNotAllowedAbove" time="0.007" classname="es.unileon.sonarqube.sedcat.storage.ActionsMeasureStoreTests"/>
  <testcase name="testSaveMeasure" time="0.219" classname="es.unileon.sonarqube.sedcat.storage.ActionsMeasureStoreTests"/>
  <testcase name="testCheckOutputDataSetOk" time="0.007" classname="es.unileon.sonarqube.sedcat.storage.ActionsMeasureStoreTests"/>
  <testcase name="testOutputMeasureStore" time="0.067" classname="es.unileon.sonarqube.sedcat.storage.ActionsMeasureStoreTests"/>
  <testcase name="testCheckOutputDataSetEmpty" time="0.007" classname="es.unileon.sonarqube.sedcat.storage.ActionsMeasureStoreTests"/>
</testsuite> <!-- es.unileon.sonarqube.sedcat.storage.ActionsMeasureStoreTests -->
