<?xml version="1.0" encoding="UTF-8"?>
<!-- Generated by org.testng.reporters.JUnitReportReporter -->
<testsuite hostname="alan-K55A" name="es.unileon.sonarqube.sedcat.scanners.CoverageUnitTestsComputerTests" tests="3" failures="0" timestamp="26 Apr 2016 16:29:35 GMT" time="0.024" errors="0">
  <testcase name="define_Correct_State" time="0.002" classname="es.unileon.sonarqube.sedcat.scanners.CoverageUnitTestsComputerTests"/>
  <testcase name="compute_notNull_Measure" time="0.019" classname="es.unileon.sonarqube.sedcat.scanners.CoverageUnitTestsComputerTests"/>
  <testcase name="compute_Null_Measure" time="0.003" classname="es.unileon.sonarqube.sedcat.scanners.CoverageUnitTestsComputerTests"/>
</testsuite> <!-- es.unileon.sonarqube.sedcat.scanners.CoverageUnitTestsComputerTests -->
