<?xml version="1.0" encoding="UTF-8"?>
<!-- Generated by org.testng.reporters.JUnitReportReporter -->
<testsuite hostname="alan-K55A" name="es.unileon.sonarqube.sedcat.start.GeneralComputerTests" tests="8" failures="0" timestamp="26 Apr 2016 16:29:35 GMT" time="0.000" errors="8">
  <testcase name="testcompute_Directory_noExecution" time="0.000" classname="es.unileon.sonarqube.sedcat.start.GeneralComputerTests"/>
  <testcase name="testdefine_Correct_State" time="0.000" classname="es.unileon.sonarqube.sedcat.start.GeneralComputerTests"/>
  <testcase name="testcompute_File_noExecution" time="0.000" classname="es.unileon.sonarqube.sedcat.start.GeneralComputerTests"/>
  <testcase name="testcompute_Project_Execution" time="0.000" classname="es.unileon.sonarqube.sedcat.start.GeneralComputerTests"/>
  <testcase name="testcompute_View_noExecution" time="0.000" classname="es.unileon.sonarqube.sedcat.start.GeneralComputerTests"/>
  <testcase name="testcompute_Subview_noExecution" time="0.000" classname="es.unileon.sonarqube.sedcat.start.GeneralComputerTests"/>
  <testcase name="testcompute_Module_noExecution" time="0.000" classname="es.unileon.sonarqube.sedcat.start.GeneralComputerTests"/>
  <testcase name="testcompute_Project_Behaviour" time="0.000" classname="es.unileon.sonarqube.sedcat.start.GeneralComputerTests"/>
</testsuite> <!-- es.unileon.sonarqube.sedcat.start.GeneralComputerTests -->
