<?xml version="1.0" encoding="UTF-8"?>
<!-- Generated by org.testng.reporters.JUnitReportReporter -->
<testsuite hostname="alan-K55A" name="es.unileon.sonarqube.sedcat.scanners.NumberCodeLinesComputerTests" tests="3" failures="0" timestamp="26 Apr 2016 16:29:35 GMT" time="0.012" errors="0">
  <testcase name="compute_Null_Measure" time="0.005" classname="es.unileon.sonarqube.sedcat.scanners.NumberCodeLinesComputerTests"/>
  <testcase name="define_Correct_State" time="0.003" classname="es.unileon.sonarqube.sedcat.scanners.NumberCodeLinesComputerTests"/>
  <testcase name="compute_notNull_Measure_File" time="0.004" classname="es.unileon.sonarqube.sedcat.scanners.NumberCodeLinesComputerTests"/>
</testsuite> <!-- es.unileon.sonarqube.sedcat.scanners.NumberCodeLinesComputerTests -->
