<?xml version="1.0" encoding="UTF-8"?>
<!-- Generated by org.testng.reporters.JUnitReportReporter -->
<testsuite hostname="alan-K55A" name="es.unileon.sonarqube.sedcat.scanners.MutationsCoverageSensorTests" tests="4" failures="0" timestamp="26 Apr 2016 16:29:35 GMT" time="0.278" errors="0">
  <testcase name="testAnalyseWithMultipleReport" time="0.209" classname="es.unileon.sonarqube.sedcat.scanners.MutationsCoverageSensorTests"/>
  <testcase name="testAnalyseWithNullReport" time="0.061" classname="es.unileon.sonarqube.sedcat.scanners.MutationsCoverageSensorTests"/>
  <testcase name="testAnalyseWithReport" time="0.004" classname="es.unileon.sonarqube.sedcat.scanners.MutationsCoverageSensorTests"/>
  <testcase name="testAnalyseWithReportParserNull" time="0.004" classname="es.unileon.sonarqube.sedcat.scanners.MutationsCoverageSensorTests"/>
</testsuite> <!-- es.unileon.sonarqube.sedcat.scanners.MutationsCoverageSensorTests -->
