<?xml version="1.0" encoding="UTF-8"?>
<!-- Generated by org.testng.reporters.JUnitReportReporter -->
<testsuite hostname="alan-K55A" name="es.unileon.sonarqube.sedcat.xfuzzy.ActionsTests" tests="3" failures="0" timestamp="26 Apr 2016 16:29:35 GMT" time="0.043" errors="0">
  <testcase name="testCrispInferenceDoubleArrayOnLimits_Above" time="0.026" classname="es.unileon.sonarqube.sedcat.xfuzzy.ActionsTests"/>
  <testcase name="testCrispInferenceDoubleArray" time="0.008" classname="es.unileon.sonarqube.sedcat.xfuzzy.ActionsTests"/>
  <testcase name="testCrispInferenceDoubleArrayOnLimits_Under" time="0.009" classname="es.unileon.sonarqube.sedcat.xfuzzy.ActionsTests"/>
</testsuite> <!-- es.unileon.sonarqube.sedcat.xfuzzy.ActionsTests -->
